#separator \x09
#set_separator	,
#empty_field	(empty)
#unset_field	-
#path	ocsp
#open	2026-01-12-11-35-12
#fields	ts	id	hashAlgorithm	issuerNameHash	issuerKeyHash	serialNumber	certStatus	revoketime	revokereason	thisUpdate	nextUpdate
#types	time	string	string	string	string	string	string	time	string	time	time
1630601080.197402	FnQetZlGgwvjwzyk9	sha1	93B9FA878A7AEE4BF3FD5A2D574A3451CE84CB7C	7E035A65416BA77E0AE1B89D08EA1D8E1D6AC765	0CC3FF436ADBD4804805E594C6FDA2A1	good	-	-	1630446329.000000	1631051129.000000
1630601080.504235	FEgmVk3FGiRrYaolKb	sha1	93B9FA878A7AEE4BF3FD5A2D574A3451CE84CB7C	7E035A65416BA77E0AE1B89D08EA1D8E1D6AC765	0CC3FF436ADBD4804805E594C6FDA2A1	good	-	-	1630446329.000000	1631051129.000000
1630601092.754315	FZRa0E2ZmSZA9SMSJg	sha1	49F4BD8A18BF760698C5DE402D683B716AE4E686	3DD350A5D6A0ADEEF34A600A65D321D4F8F8D60F	01F96B32EC4BCDEBD046BC5403A7D5F2	good	-	-	1630480501.000000	1631082601.000000
1630601093.994271	Fvo2WhyJfFM7ccli7	sha1	105FA67A80089DB5279F35CE830B43889EA3C70D	0F80611C823161D52F28E78D4638B42CE1C6D9E2	02276C0C43AD46A92ADE72B7E6B30CCB	good	-	-	1630395181.000000	1630997281.000000
1630601095.067982	FVTj4W3FUeIEI6Ao5e	sha1	13E976D98A217E47F5049E8ECB483E07E1898DEA	426D572D4F1F267774A62764F680FA8F4868FE7C	0170AC4251357DBC311B393F7E971754	good	-	-	1630584000.000000	1630627200.000000
1630601095.111618	F6dJXskTyFyHXn2ij	sha1	13E976D98A217E47F5049E8ECB483E07E1898DEA	426D572D4F1F267774A62764F680FA8F4868FE7C	01C34E09B6AE300A893BFBFC51DA93D6	good	-	-	1630576800.000000	1630620000.000000
1630601096.187566	FuNp3jQ1M3WhTsBb	sha1	49F4BD8A18BF760698C5DE402D683B716AE4E686	3DD350A5D6A0ADEEF34A600A65D321D4F8F8D60F	01F96B32EC4BCDEBD046BC5403A7D5F2	good	-	-	1630480501.000000	1631082601.000000
1630601096.277995	FZTRGE7OWQeMbrL4e	sha1	13E976D98A217E47F5049E8ECB483E07E1898DEA	426D572D4F1F267774A62764F680FA8F4868FE7C	0120621C4127BF3E2230A605BCB9C88D	good	-	-	1630573200.000000	1630616400.000000
1630601098.025617	FgHE6w4YANTMgp0sma	sha1	105FA67A80089DB5279F35CE830B43889EA3C70D	0F80611C823161D52F28E78D4638B42CE1C6D9E2	03322995CF2B4157E3026407D3E66715	good	-	-	1630228501.000000	1630830601.000000
1630601098.025622	FHXsCk16DsH6Dbjnhh	sha1	105FA67A80089DB5279F35CE830B43889EA3C70D	0F80611C823161D52F28E78D4638B42CE1C6D9E2	03322995CF2B4157E3026407D3E66715	good	-	-	1630228501.000000	1630830601.000000
1630601098.860834	FvsIKV2eFEHAiteKYd	sha1	49F4BD8A18BF760698C5DE402D683B716AE4E686	3DD350A5D6A0ADEEF34A600A65D321D4F8F8D60F	07B9220D432ECCDD6410B48CAB179C09	good	-	-	1630513620.000000	1631115720.000000
1630601099.500677	FZDxUs4BBaIXGKBApk	sha1	E4E395A229D3D4C1C31FF0980C0B4EC0098AABD8	B76BA2EAA8AA848C79EAB4DA0F98B2C59576B9F4	04CC0014653667D8E633EF62F1D4B493	good	-	-	1630151101.000000	1630753201.000000
1630601100.071451	FfYn2M16RyMnfDHLhl	sha1	E42089CA040CD7905D10874A5E97795F1C9F463C	D2C4B0D291D44C1171B361CB3DA1FEDDA86AD4E3	1BE715	good	-	-	1630540547.000000	1630670147.000000
1630601100.164603	FfdlvI1SViSSX7HXWc	sha1	1D236F8E064B971FDDDFA11523E1AEE502BE2B1B	3A9A8507106728B6EFF6BD05416E20C194DA0FDE	07	good	-	-	1630530779.000000	1630660379.000000
1630601101.457386	Fs0cw21YrsA1n6fiR4	sha1	3A1979741DCF77D3D6572B57CAFFF6F62B1D5A3A	EE9A2E46F0C2DA3C5CC78CD6A47598DEA8190A65	03A39635EA6B8A1F5CBD955581E64937	good	-	-	1630576620.000000	1631178720.000000
1630601105.616971	FByhCNfHG95hb5iz8	sha1	521EE36C478119A9CB03FAB74E57E1197AF1818B	B5760C3011CEC792424D4CC75C2CC8A90CE80B64	6B00010607D2FB4295FF7D2C27000000010607	good	-	-	1630318337.000000	1630663937.000000
1630601115.855495	FRtcyr1eoalpKhc5hj	sha1	521EE36C478119A9CB03FAB74E57E1197AF1818B	B5760C3011CEC792424D4CC75C2CC8A90CE80B64	6B00010607D2FB4295FF7D2C27000000010607	good	-	-	1630519012.000000	1630864612.000000
1630601118.574817	FRTnOf3A9ElrUfK0Bf	sha1	521EE36C478119A9CB03FAB74E57E1197AF1818B	B5760C3011CEC792424D4CC75C2CC8A90CE80B64	6B0003B0A57638ADD43A8423F300000003B0A5	good	-	-	1630497301.000000	1630842901.000000
1630601118.655205	F6en7w3KIJ7pHghfFf	sha1	521EE36C478119A9CB03FAB74E57E1197AF1818B	B5760C3011CEC792424D4CC75C2CC8A90CE80B64	6B0003B0A57638ADD43A8423F300000003B0A5	good	-	-	1630388897.000000	1630734497.000000
1630601118.671829	Fi4W4Zg9JCLCkpSpj	sha1	521EE36C478119A9CB03FAB74E57E1197AF1818B	B5760C3011CEC792424D4CC75C2CC8A90CE80B64	6B0003B0A57638ADD43A8423F300000003B0A5	good	-	-	1630540827.000000	1630886427.000000
1630601118.672290	FDJ4Sl3dq1bl2GYIzd	sha1	521EE36C478119A9CB03FAB74E57E1197AF1818B	B5760C3011CEC792424D4CC75C2CC8A90CE80B64	6B0003B0A57638ADD43A8423F300000003B0A5	good	-	-	1630305912.000000	1630651512.000000
1630601118.673509	FYciAj3I1KDRxr3sld	sha1	521EE36C478119A9CB03FAB74E57E1197AF1818B	B5760C3011CEC792424D4CC75C2CC8A90CE80B64	6B0003B0A57638ADD43A8423F300000003B0A5	good	-	-	1630497301.000000	1630842901.000000
1630601118.674031	FweQHW23B7L2mNyiIj	sha1	521EE36C478119A9CB03FAB74E57E1197AF1818B	B5760C3011CEC792424D4CC75C2CC8A90CE80B64	6B0003B0A57638ADD43A8423F300000003B0A5	good	-	-	1630291491.000000	1630637091.000000
1630602363.460648	F88vBfgl2On1jEfb5	sha1	521EE36C478119A9CB03FAB74E57E1197AF1818B	B5760C3011CEC792424D4CC75C2CC8A90CE80B64	6B0003B0A57638ADD43A8423F300000003B0A5	good	-	-	1630595041.000000	1630940641.000000
#close	2026-01-12-11-35-12
